<?xml version="1.0" encoding="UTF-8"?>
<!-- Generated by org.testng.reporters.JUnitReportReporter -->
<testsuite hostname="WIN-2C8N3BBE1O1" failures="0" tests="1" name="TestCase.TestCases" time="3.728" errors="0" timestamp="2023-10-07T21:54:32 SGT" skipped="0">
  <testcase classname="TestCase.TestCases" name="loginpage" time="3.728"/>
  <system-out/>
</testsuite> <!-- TestCase.TestCases -->
