<?xml version="1.0" encoding="UTF-8"?>
<!-- Generated by org.testng.reporters.JUnitReportReporter -->
<testsuite hostname="WIN-2C8N3BBE1O1" failures="0" tests="3" name="TestCases.RemovetoCart" time="10.407" errors="0" timestamp="2023-11-24T04:32:40 SGT" skipped="0">
  <testcase classname="TestCases.RemovetoCart" name="Remove" time="7.239"/>
  <system-out/>
  <testcase classname="TestCases.RemovetoCart" name="ContinueShopping" time="1.546"/>
  <system-out/>
  <testcase classname="TestCases.RemovetoCart" name="Checkout" time="1.622"/>
  <system-out/>
</testsuite> <!-- TestCases.RemovetoCart -->
