<?xml version="1.0" encoding="UTF-8"?>
<!-- Generated by org.testng.reporters.JUnitReportReporter -->
<testsuite hostname="WIN-2C8N3BBE1O1" failures="0" tests="4" name="TestCases.PositiveLogin" time="6.006" errors="0" timestamp="2023-11-24T04:32:40 SGT" skipped="0">
  <testcase classname="TestCases.PositiveLogin" name="PositiveLoginTest1" time="1.450"/>
  <system-out/>
  <testcase classname="TestCases.PositiveLogin" name="PositiveLoginTest1" time="1.399"/>
  <system-out/>
  <testcase classname="TestCases.PositiveLogin" name="PositiveLoginTest1" time="1.735"/>
  <system-out/>
  <testcase classname="TestCases.PositiveLogin" name="PositiveLoginTest1" time="1.422"/>
  <system-out/>
</testsuite> <!-- TestCases.PositiveLogin -->
