<?xml version="1.0" encoding="UTF-8"?>
<!-- Generated by org.testng.reporters.JUnitReportReporter -->
<testsuite hostname="WIN-2C8N3BBE1O1" failures="0" tests="3" name="TestCases.NegativeLoginPage" time="5.659" errors="0" timestamp="2023-11-24T04:32:40 SGT" skipped="0">
  <testcase classname="TestCases.NegativeLoginPage" name="PositiveLoginTest1" time="1.466"/>
  <system-out/>
  <testcase classname="TestCases.NegativeLoginPage" name="PositiveLoginTest1" time="2.757"/>
  <system-out/>
  <testcase classname="TestCases.NegativeLoginPage" name="PositiveLoginTest1" time="1.436"/>
  <system-out/>
</testsuite> <!-- TestCases.NegativeLoginPage -->
