<?xml version="1.0" encoding="UTF-8"?>
<!-- Generated by org.testng.reporters.JUnitReportReporter -->
<testsuite hostname="WIN-2C8N3BBE1O1" failures="0" tests="4" name="TestCase.LoginPageVerify" time="6.312" errors="0" timestamp="2023-11-17T23:16:18 SGT" skipped="0">
  <testcase classname="TestCase.LoginPageVerify" name="LoginVerify" time="1.394"/>
  <system-out/>
  <testcase classname="TestCase.LoginPageVerify" name="LoginVerify" time="1.482"/>
  <system-out/>
  <testcase classname="TestCase.LoginPageVerify" name="LoginVerify" time="2.088"/>
  <system-out/>
  <testcase classname="TestCase.LoginPageVerify" name="LoginVerify" time="1.348"/>
  <system-out/>
</testsuite> <!-- TestCase.LoginPageVerify -->
