<?xml version="1.0" encoding="UTF-8"?>
<!-- Generated by org.testng.reporters.JUnitReportReporter -->
<testsuite hostname="WIN-2C8N3BBE1O1" failures="0" tests="8" name="TestCases.CheckoutInfo" time="13.511" errors="0" timestamp="2023-11-24T04:32:40 SGT" skipped="0">
  <testcase classname="TestCases.CheckoutInfo" name="Checkout" time="1.627"/>
  <system-out/>
  <testcase classname="TestCases.CheckoutInfo" name="Checkout" time="1.669"/>
  <system-out/>
  <testcase classname="TestCases.CheckoutInfo" name="Checkout" time="1.647"/>
  <system-out/>
  <testcase classname="TestCases.CheckoutInfo" name="Checkout" time="1.647"/>
  <system-out/>
  <testcase classname="TestCases.CheckoutInfo" name="Checkout" time="1.587"/>
  <system-out/>
  <testcase classname="TestCases.CheckoutInfo" name="Checkout" time="1.740"/>
  <system-out/>
  <testcase classname="TestCases.CheckoutInfo" name="Checkout" time="1.621"/>
  <system-out/>
  <testcase classname="TestCases.CheckoutInfo" name="CancelButton" time="1.973"/>
  <system-out/>
</testsuite> <!-- TestCases.CheckoutInfo -->
