<?xml version="1.0" encoding="UTF-8"?>
<!-- Generated by org.testng.reporters.JUnitReportReporter -->
<testsuite hostname="WIN-2C8N3BBE1O1" failures="0" tests="4" name="TestCase.FilterPage" time="7.759" errors="0" timestamp="2023-11-23T18:55:58 SGT" skipped="0">
  <testcase classname="TestCase.FilterPage" name="AscendingPrice" time="1.536"/>
  <system-out/>
  <testcase classname="TestCase.FilterPage" name="sortZtoA" time="3.360"/>
  <system-out/>
  <testcase classname="TestCase.FilterPage" name="DescendingPrice" time="1.489"/>
  <system-out/>
  <testcase classname="TestCase.FilterPage" name="sortAtoZ" time="1.374"/>
  <system-out/>
</testsuite> <!-- TestCase.FilterPage -->
