<?xml version="1.0" encoding="UTF-8"?>
<!-- Generated by org.testng.reporters.JUnitReportReporter -->
<testsuite hostname="WIN-2C8N3BBE1O1" failures="0" tests="4" name="TestCase.LoginPageVerify" time="5.799" errors="0" timestamp="2023-10-09T18:30:21 SGT" skipped="0">
  <testcase classname="TestCase.LoginPageVerify" name="LoginVerify" time="1.355"/>
  <system-out/>
  <testcase classname="TestCase.LoginPageVerify" name="LoginVerify" time="1.756"/>
  <system-out/>
  <testcase classname="TestCase.LoginPageVerify" name="LoginVerify" time="1.366"/>
  <system-out/>
  <testcase classname="TestCase.LoginPageVerify" name="LoginVerify" time="1.322"/>
  <system-out/>
</testsuite> <!-- TestCase.LoginPageVerify -->
