<?xml version="1.0" encoding="UTF-8"?>
<!-- Generated by org.testng.reporters.JUnitReportReporter -->
<testsuite hostname="WIN-2C8N3BBE1O1" failures="0" tests="4" name="TestCase.LoginPageVerify" time="6.726" errors="0" timestamp="2023-10-08T22:00:28 SGT" skipped="0">
  <testcase classname="TestCase.LoginPageVerify" name="LoginVerify" time="2.545"/>
  <system-out/>
  <testcase classname="TestCase.LoginPageVerify" name="LoginVerify" time="1.362"/>
  <system-out/>
  <testcase classname="TestCase.LoginPageVerify" name="LoginVerify" time="1.446"/>
  <system-out/>
  <testcase classname="TestCase.LoginPageVerify" name="LoginVerify" time="1.373"/>
  <system-out/>
</testsuite> <!-- TestCase.LoginPageVerify -->
