<?xml version="1.0" encoding="UTF-8"?>
<!-- Generated by org.testng.reporters.JUnitReportReporter -->
<testsuite hostname="WIN-2C8N3BBE1O1" failures="0" tests="2" name="TestCase.AddtoCartPage" time="5.093" errors="0" timestamp="2023-10-09T19:13:35 SGT" skipped="0">
  <testcase classname="TestCase.AddtoCartPage" name="RemovedProductsFromCart" time="1.785"/>
  <system-out/>
  <testcase classname="TestCase.AddtoCartPage" name="Addtocart" time="3.308"/>
  <system-out/>
</testsuite> <!-- TestCase.AddtoCartPage -->
