<?xml version="1.0" encoding="UTF-8"?>
<!-- Generated by org.testng.reporters.JUnitReportReporter -->
<testsuite hostname="WIN-2C8N3BBE1O1" failures="0" tests="1" name="TestCases.AddtoCart" time="1.744" errors="0" timestamp="2023-11-24T04:32:40 SGT" skipped="0">
  <testcase classname="TestCases.AddtoCart" name="AddtoCartTest" time="1.744"/>
  <system-out/>
</testsuite> <!-- TestCases.AddtoCart -->
