<?xml version="1.0" encoding="UTF-8"?>
<!-- Generated by org.testng.reporters.JUnitReportReporter -->
<testsuite hostname="WIN-2C8N3BBE1O1" failures="0" tests="4" name="TestCase.FilterPage" time="6.207" errors="0" timestamp="2023-10-09T18:30:21 SGT" skipped="0">
  <testcase classname="TestCase.FilterPage" name="sortZtoA" time="1.725"/>
  <system-out/>
  <testcase classname="TestCase.FilterPage" name="DescendingPrice" time="1.467"/>
  <system-out/>
  <testcase classname="TestCase.FilterPage" name="sortAtoZ" time="1.475"/>
  <system-out/>
  <testcase classname="TestCase.FilterPage" name="ascendingPrice" time="1.540"/>
  <system-out/>
</testsuite> <!-- TestCase.FilterPage -->
