<?xml version="1.0" encoding="UTF-8"?>
<!-- Generated by org.testng.reporters.JUnitReportReporter -->
<testsuite hostname="WIN-8K4VQ16QB0H" failures="0" tests="1" name="TestCase.TestCases" time="9.531" errors="0" timestamp="2023-10-05T17:51:54 GMT-07:00" skipped="0">
  <testcase classname="TestCase.TestCases" name="loginpage" time="9.531"/>
  <system-out/>
</testsuite> <!-- TestCase.TestCases -->
