<?xml version="1.0" encoding="UTF-8"?>
<!-- Generated by org.testng.reporters.JUnitReportReporter -->
<testsuite hostname="WIN-2C8N3BBE1O1" failures="0" tests="4" name="TestCases.Filter" time="8.435" errors="0" timestamp="2023-11-24T04:32:40 SGT" skipped="0">
  <testcase classname="TestCases.Filter" name="sortAtoZ" time="3.460"/>
  <system-out/>
  <testcase classname="TestCases.Filter" name="PriceHightoLow" time="1.576"/>
  <system-out/>
  <testcase classname="TestCases.Filter" name="sortZtoA" time="1.799"/>
  <system-out/>
  <testcase classname="TestCases.Filter" name="PriceLowtoHigh" time="1.600"/>
  <system-out/>
</testsuite> <!-- TestCases.Filter -->
