<?xml version="1.0" encoding="UTF-8"?>
<!-- Generated by org.testng.reporters.JUnitReportReporter -->
<testsuite hostname="WIN-2C8N3BBE1O1" failures="0" tests="10" name="TestCase.CheckoutPage" time="16.063" errors="0" timestamp="2023-10-09T18:30:21 SGT" skipped="0">
  <testcase classname="TestCase.CheckoutPage" name="Checkout" time="1.716"/>
  <system-out/>
  <testcase classname="TestCase.CheckoutPage" name="Checkout" time="1.522"/>
  <system-out/>
  <testcase classname="TestCase.CheckoutPage" name="CancelButton" time="1.601"/>
  <system-out/>
  <testcase classname="TestCase.CheckoutPage" name="Checkout" time="1.569"/>
  <system-out/>
  <testcase classname="TestCase.CheckoutPage" name="Checkout" time="1.632"/>
  <system-out/>
  <testcase classname="TestCase.CheckoutPage" name="Checkout" time="1.586"/>
  <system-out/>
  <testcase classname="TestCase.CheckoutPage" name="FinishButton" time="1.600"/>
  <system-out/>
  <testcase classname="TestCase.CheckoutPage" name="BackHome" time="1.681"/>
  <system-out/>
  <testcase classname="TestCase.CheckoutPage" name="Checkout" time="1.591"/>
  <system-out/>
  <testcase classname="TestCase.CheckoutPage" name="Checkout" time="1.565"/>
  <system-out/>
</testsuite> <!-- TestCase.CheckoutPage -->
