<?xml version="1.0" encoding="UTF-8"?>
<!-- Generated by org.testng.reporters.JUnitReportReporter -->
<testsuite hostname="WIN-2C8N3BBE1O1" failures="0" tests="15" name="TestCase.CheckoutPage" time="25.204" errors="0" timestamp="2023-10-08T22:00:28 SGT" skipped="0">
  <testcase classname="TestCase.CheckoutPage" name="CancelButton" time="1.718"/>
  <system-out/>
  <testcase classname="TestCase.CheckoutPage" name="FinishButton" time="1.735"/>
  <system-out/>
  <testcase classname="TestCase.CheckoutPage" name="Checkout" time="1.684"/>
  <system-out/>
  <testcase classname="TestCase.CheckoutPage" name="FinishButton" time="1.685"/>
  <system-out/>
  <testcase classname="TestCase.CheckoutPage" name="Checkout" time="1.655"/>
  <system-out/>
  <testcase classname="TestCase.CheckoutPage" name="FinishButton" time="1.710"/>
  <system-out/>
  <testcase classname="TestCase.CheckoutPage" name="FinishButton" time="1.700"/>
  <system-out/>
  <testcase classname="TestCase.CheckoutPage" name="FinishButton" time="1.655"/>
  <system-out/>
  <testcase classname="TestCase.CheckoutPage" name="Checkout" time="1.610"/>
  <system-out/>
  <testcase classname="TestCase.CheckoutPage" name="Checkout" time="1.611"/>
  <system-out/>
  <testcase classname="TestCase.CheckoutPage" name="Checkout" time="1.591"/>
  <system-out/>
  <testcase classname="TestCase.CheckoutPage" name="FinishButton" time="1.751"/>
  <system-out/>
  <testcase classname="TestCase.CheckoutPage" name="Checkout" time="1.636"/>
  <system-out/>
  <testcase classname="TestCase.CheckoutPage" name="Checkout" time="1.699"/>
  <system-out/>
  <testcase classname="TestCase.CheckoutPage" name="FinishButton" time="1.764"/>
  <system-out/>
</testsuite> <!-- TestCase.CheckoutPage -->
