<?xml version="1.0" encoding="UTF-8"?>
<!-- Generated by org.testng.reporters.JUnitReportReporter -->
<testsuite hostname="WIN-8K4VQ16QB0H" failures="0" tests="1" name="TestCase.TestCase1" time="9.319" errors="0" timestamp="2023-10-04T11:26:40 GMT-07:00" skipped="0">
  <testcase classname="TestCase.TestCase1" name="Base" time="9.319"/>
  <system-out/>
</testsuite> <!-- TestCase.TestCase1 -->
