<?xml version="1.0" encoding="UTF-8"?>
<!-- Generated by org.testng.reporters.JUnitReportReporter -->
<testsuite hostname="WIN-2C8N3BBE1O1" failures="0" tests="7" name="TestCase.CheckoutPage" time="12.491" errors="0" timestamp="2023-10-07T23:39:06 SGT" skipped="0">
  <testcase classname="TestCase.CheckoutPage" name="Checkout" time="2.654"/>
  <system-out/>
  <testcase classname="TestCase.CheckoutPage" name="Checkout" time="1.631"/>
  <system-out/>
  <testcase classname="TestCase.CheckoutPage" name="Checkout" time="1.668"/>
  <system-out/>
  <testcase classname="TestCase.CheckoutPage" name="Checkout" time="1.597"/>
  <system-out/>
  <testcase classname="TestCase.CheckoutPage" name="Checkout" time="1.645"/>
  <system-out/>
  <testcase classname="TestCase.CheckoutPage" name="Checkout" time="1.680"/>
  <system-out/>
  <testcase classname="TestCase.CheckoutPage" name="Checkout" time="1.616"/>
  <system-out/>
</testsuite> <!-- TestCase.CheckoutPage -->
