<?xml version="1.0" encoding="UTF-8"?>
<!-- Generated by org.testng.reporters.JUnitReportReporter -->
<testsuite hostname="WIN-2C8N3BBE1O1" failures="0" tests="2" name="TestCase.AddtoCartPage" time="4.991" errors="0" timestamp="2023-10-09T18:30:21 SGT" skipped="0">
  <testcase classname="TestCase.AddtoCartPage" name="Addtocart" time="1.635"/>
  <system-out/>
  <testcase classname="TestCase.AddtoCartPage" name="RemovedProductsFromCart" time="3.356"/>
  <system-out/>
</testsuite> <!-- TestCase.AddtoCartPage -->
