<?xml version="1.0" encoding="UTF-8"?>
<!-- Generated by org.testng.reporters.JUnitReportReporter -->
<testsuite hostname="WIN-2C8N3BBE1O1" failures="0" tests="10" name="TestCase.CheckoutPage" time="17.015" errors="0" timestamp="2023-10-09T19:13:35 SGT" skipped="0">
  <testcase classname="TestCase.CheckoutPage" name="Checkout" time="1.539"/>
  <system-out/>
  <testcase classname="TestCase.CheckoutPage" name="FinishButton" time="1.620"/>
  <system-out/>
  <testcase classname="TestCase.CheckoutPage" name="CancelButton" time="1.919"/>
  <system-out/>
  <testcase classname="TestCase.CheckoutPage" name="BackHome" time="1.662"/>
  <system-out/>
  <testcase classname="TestCase.CheckoutPage" name="Checkout" time="1.538"/>
  <system-out/>
  <testcase classname="TestCase.CheckoutPage" name="Checkout" time="1.796"/>
  <system-out/>
  <testcase classname="TestCase.CheckoutPage" name="Checkout" time="1.598"/>
  <system-out/>
  <testcase classname="TestCase.CheckoutPage" name="Checkout" time="1.894"/>
  <system-out/>
  <testcase classname="TestCase.CheckoutPage" name="Checkout" time="1.570"/>
  <system-out/>
  <testcase classname="TestCase.CheckoutPage" name="Checkout" time="1.879"/>
  <system-out/>
</testsuite> <!-- TestCase.CheckoutPage -->
