<?xml version="1.0" encoding="UTF-8"?>
<!-- Generated by org.testng.reporters.JUnitReportReporter -->
<testsuite hostname="WIN-2C8N3BBE1O1" failures="0" tests="4" name="TestCase.FilterPage" time="8.265" errors="0" timestamp="2023-10-09T19:02:12 SGT" skipped="0">
  <testcase classname="TestCase.FilterPage" name="AscendingPrice" time="1.686"/>
  <system-out/>
  <testcase classname="TestCase.FilterPage" name="DescendingPrice" time="1.864"/>
  <system-out/>
  <testcase classname="TestCase.FilterPage" name="sortZtoA" time="3.127"/>
  <system-out/>
  <testcase classname="TestCase.FilterPage" name="sortAtoZ" time="1.588"/>
  <system-out/>
</testsuite> <!-- TestCase.FilterPage -->
