<?xml version="1.0" encoding="UTF-8"?>
<!-- Generated by org.testng.reporters.JUnitReportReporter -->
<testsuite hostname="WIN-2C8N3BBE1O1" failures="0" tests="2" name="TestCases.CheckoutOverview" time="3.690" errors="0" timestamp="2023-11-24T04:32:40 SGT" skipped="0">
  <testcase classname="TestCases.CheckoutOverview" name="CheckoutOverviewTest" time="2.025"/>
  <system-out/>
  <testcase classname="TestCases.CheckoutOverview" name="btnCancelOverview" time="1.665"/>
  <system-out/>
</testsuite> <!-- TestCases.CheckoutOverview -->
